{"C:\\Users\\Maria Eduarda\\Documents\\gestao-tarefas\\src\\database.js": {"path":"C:\\Users\\Maria Eduarda\\Documents\\gestao-tarefas\\src\\database.js","statementMap":{"0":{"start":{"line":1,"column":22},"end":{"line":1,"column":42}},"1":{"start":{"line":5,"column":8},"end":{"line":5,"column":19}},"2":{"start":{"line":9,"column":8},"end":{"line":15,"column":10}},"3":{"start":{"line":19,"column":0},"end":{"line":19,"column":31}}},"fnMap":{"0":{"name":"(anonymous_0)","decl":{"start":{"line":4,"column":4},"end":{"line":4,"column":5}},"loc":{"start":{"line":4,"column":18},"end":{"line":6,"column":5}},"line":4},"1":{"name":"(anonymous_1)","decl":{"start":{"line":8,"column":4},"end":{"line":8,"column":5}},"loc":{"start":{"line":8,"column":11},"end":{"line":16,"column":5}},"line":8}},"branchMap":{},"s":{"0":1,"1":1,"2":1,"3":1},"f":{"0":1,"1":1},"b":{},"_coverageSchema":"1a1c01bbd47fc00a2c39e90264f33305004495a9","hash":"a0f51805e81368f76ceb02f0bceb08214a2e85e9"}
,"C:\\Users\\Maria Eduarda\\Documents\\gestao-tarefas\\src\\controllers\\user.js": {"path":"C:\\Users\\Maria Eduarda\\Documents\\gestao-tarefas\\src\\controllers\\user.js","statementMap":{"0":{"start":{"line":7,"column":13},"end":{"line":7,"column":38}},"1":{"start":{"line":8,"column":15},"end":{"line":8,"column":32}},"2":{"start":{"line":9,"column":12},"end":{"line":9,"column":35}},"3":{"start":{"line":10,"column":23},"end":{"line":10,"column":30}},"4":{"start":{"line":11,"column":15},"end":{"line":11,"column":16}},"5":{"start":{"line":15,"column":8},"end":{"line":17,"column":9}},"6":{"start":{"line":16,"column":12},"end":{"line":16,"column":73}},"7":{"start":{"line":18,"column":8},"end":{"line":24,"column":9}},"8":{"start":{"line":19,"column":34},"end":{"line":19,"column":69}},"9":{"start":{"line":20,"column":25},"end":{"line":20,"column":84}},"10":{"start":{"line":21,"column":12},"end":{"line":21,"column":24}},"11":{"start":{"line":23,"column":12},"end":{"line":23,"column":25}},"12":{"start":{"line":27,"column":8},"end":{"line":29,"column":9}},"13":{"start":{"line":28,"column":12},"end":{"line":28,"column":77}},"14":{"start":{"line":30,"column":8},"end":{"line":43,"column":9}},"15":{"start":{"line":31,"column":25},"end":{"line":31,"column":48}},"16":{"start":{"line":32,"column":12},"end":{"line":34,"column":13}},"17":{"start":{"line":33,"column":16},"end":{"line":33,"column":64}},"18":{"start":{"line":35,"column":12},"end":{"line":35,"column":29}},"19":{"start":{"line":36,"column":12},"end":{"line":36,"column":31}},"20":{"start":{"line":37,"column":34},"end":{"line":37,"column":69}},"21":{"start":{"line":38,"column":12},"end":{"line":38,"column":42}},"22":{"start":{"line":39,"column":12},"end":{"line":39,"column":30}},"23":{"start":{"line":40,"column":12},"end":{"line":40,"column":24}},"24":{"start":{"line":42,"column":12},"end":{"line":42,"column":25}},"25":{"start":{"line":46,"column":8},"end":{"line":48,"column":9}},"26":{"start":{"line":47,"column":12},"end":{"line":47,"column":52}},"27":{"start":{"line":49,"column":8},"end":{"line":57,"column":9}},"28":{"start":{"line":50,"column":25},"end":{"line":50,"column":48}},"29":{"start":{"line":51,"column":12},"end":{"line":53,"column":13}},"30":{"start":{"line":52,"column":16},"end":{"line":52,"column":60}},"31":{"start":{"line":54,"column":12},"end":{"line":54,"column":33}},"32":{"start":{"line":56,"column":11},"end":{"line":56,"column":24}},"33":{"start":{"line":60,"column":8},"end":{"line":65,"column":9}},"34":{"start":{"line":61,"column":25},"end":{"line":61,"column":45}},"35":{"start":{"line":62,"column":12},"end":{"line":62,"column":24}},"36":{"start":{"line":64,"column":12},"end":{"line":64,"column":25}},"37":{"start":{"line":68,"column":8},"end":{"line":70,"column":9}},"38":{"start":{"line":69,"column":12},"end":{"line":69,"column":68}},"39":{"start":{"line":71,"column":8},"end":{"line":84,"column":9}},"40":{"start":{"line":72,"column":25},"end":{"line":72,"column":63}},"41":{"start":{"line":73,"column":12},"end":{"line":75,"column":13}},"42":{"start":{"line":74,"column":16},"end":{"line":74,"column":63}},"43":{"start":{"line":76,"column":37},"end":{"line":76,"column":82}},"44":{"start":{"line":77,"column":12},"end":{"line":79,"column":13}},"45":{"start":{"line":78,"column":16},"end":{"line":78,"column":56}},"46":{"start":{"line":80,"column":26},"end":{"line":80,"column":68}},"47":{"start":{"line":81,"column":12},"end":{"line":81,"column":25}},"48":{"start":{"line":83,"column":12},"end":{"line":83,"column":25}},"49":{"start":{"line":87,"column":8},"end":{"line":92,"column":9}},"50":{"start":{"line":88,"column":29},"end":{"line":88,"column":62}},"51":{"start":{"line":89,"column":12},"end":{"line":89,"column":50}},"52":{"start":{"line":91,"column":12},"end":{"line":91,"column":70}},"53":{"start":{"line":96,"column":0},"end":{"line":96,"column":38}}},"fnMap":{"0":{"name":"(anonymous_0)","decl":{"start":{"line":14,"column":4},"end":{"line":14,"column":5}},"loc":{"start":{"line":14,"column":43},"end":{"line":25,"column":5}},"line":14},"1":{"name":"(anonymous_1)","decl":{"start":{"line":26,"column":4},"end":{"line":26,"column":5}},"loc":{"start":{"line":26,"column":49},"end":{"line":44,"column":5}},"line":26},"2":{"name":"(anonymous_2)","decl":{"start":{"line":45,"column":4},"end":{"line":45,"column":5}},"loc":{"start":{"line":45,"column":26},"end":{"line":58,"column":5}},"line":45},"3":{"name":"(anonymous_3)","decl":{"start":{"line":59,"column":4},"end":{"line":59,"column":5}},"loc":{"start":{"line":59,"column":22},"end":{"line":66,"column":5}},"line":59},"4":{"name":"(anonymous_4)","decl":{"start":{"line":67,"column":4},"end":{"line":67,"column":5}},"loc":{"start":{"line":67,"column":33},"end":{"line":85,"column":5}},"line":67},"5":{"name":"(anonymous_5)","decl":{"start":{"line":86,"column":4},"end":{"line":86,"column":5}},"loc":{"start":{"line":86,"column":32},"end":{"line":93,"column":5}},"line":86}},"branchMap":{"0":{"loc":{"start":{"line":15,"column":8},"end":{"line":17,"column":9}},"type":"if","locations":[{"start":{"line":15,"column":8},"end":{"line":17,"column":9}},{"start":{},"end":{}}],"line":15},"1":{"loc":{"start":{"line":15,"column":12},"end":{"line":15,"column":79}},"type":"binary-expr","locations":[{"start":{"line":15,"column":12},"end":{"line":15,"column":30}},{"start":{"line":15,"column":34},"end":{"line":15,"column":53}},{"start":{"line":15,"column":57},"end":{"line":15,"column":79}}],"line":15},"2":{"loc":{"start":{"line":27,"column":8},"end":{"line":29,"column":9}},"type":"if","locations":[{"start":{"line":27,"column":8},"end":{"line":29,"column":9}},{"start":{},"end":{}}],"line":27},"3":{"loc":{"start":{"line":27,"column":12},"end":{"line":27,"column":47}},"type":"binary-expr","locations":[{"start":{"line":27,"column":12},"end":{"line":27,"column":15}},{"start":{"line":27,"column":19},"end":{"line":27,"column":24}},{"start":{"line":27,"column":28},"end":{"line":27,"column":34}},{"start":{"line":27,"column":38},"end":{"line":27,"column":47}}],"line":27},"4":{"loc":{"start":{"line":32,"column":12},"end":{"line":34,"column":13}},"type":"if","locations":[{"start":{"line":32,"column":12},"end":{"line":34,"column":13}},{"start":{},"end":{}}],"line":32},"5":{"loc":{"start":{"line":46,"column":8},"end":{"line":48,"column":9}},"type":"if","locations":[{"start":{"line":46,"column":8},"end":{"line":48,"column":9}},{"start":{},"end":{}}],"line":46},"6":{"loc":{"start":{"line":51,"column":12},"end":{"line":53,"column":13}},"type":"if","locations":[{"start":{"line":51,"column":12},"end":{"line":53,"column":13}},{"start":{},"end":{}}],"line":51},"7":{"loc":{"start":{"line":68,"column":8},"end":{"line":70,"column":9}},"type":"if","locations":[{"start":{"line":68,"column":8},"end":{"line":70,"column":9}},{"start":{},"end":{}}],"line":68},"8":{"loc":{"start":{"line":68,"column":12},"end":{"line":68,"column":31}},"type":"binary-expr","locations":[{"start":{"line":68,"column":12},"end":{"line":68,"column":18}},{"start":{"line":68,"column":22},"end":{"line":68,"column":31}}],"line":68},"9":{"loc":{"start":{"line":73,"column":12},"end":{"line":75,"column":13}},"type":"if","locations":[{"start":{"line":73,"column":12},"end":{"line":75,"column":13}},{"start":{},"end":{}}],"line":73},"10":{"loc":{"start":{"line":77,"column":12},"end":{"line":79,"column":13}},"type":"if","locations":[{"start":{"line":77,"column":12},"end":{"line":79,"column":13}},{"start":{},"end":{}}],"line":77}},"s":{"0":1,"1":1,"2":1,"3":1,"4":1,"5":0,"6":0,"7":0,"8":0,"9":0,"10":0,"11":0,"12":0,"13":0,"14":0,"15":0,"16":0,"17":0,"18":0,"19":0,"20":0,"21":0,"22":0,"23":0,"24":0,"25":0,"26":0,"27":0,"28":0,"29":0,"30":0,"31":0,"32":0,"33":0,"34":0,"35":0,"36":0,"37":0,"38":0,"39":0,"40":0,"41":0,"42":0,"43":0,"44":0,"45":0,"46":0,"47":0,"48":0,"49":0,"50":0,"51":0,"52":0,"53":1},"f":{"0":0,"1":0,"2":0,"3":0,"4":0,"5":0},"b":{"0":[0,0],"1":[0,0,0],"2":[0,0],"3":[0,0,0,0],"4":[0,0],"5":[0,0],"6":[0,0],"7":[0,0],"8":[0,0],"9":[0,0],"10":[0,0]},"_coverageSchema":"1a1c01bbd47fc00a2c39e90264f33305004495a9","hash":"5f96c8ce72bd818cbc5fb9c40fbb6d31ce6bfeb3"}
,"C:\\Users\\Maria Eduarda\\Documents\\gestao-tarefas\\src\\models\\user.js": {"path":"C:\\Users\\Maria Eduarda\\Documents\\gestao-tarefas\\src\\models\\user.js","statementMap":{"0":{"start":{"line":12,"column":18},"end":{"line":12,"column":38}},"1":{"start":{"line":13,"column":17},"end":{"line":13,"column":39}},"2":{"start":{"line":17,"column":8},"end":{"line":35,"column":10}},"3":{"start":{"line":39,"column":0},"end":{"line":39,"column":34}}},"fnMap":{"0":{"name":"(anonymous_0)","decl":{"start":{"line":16,"column":4},"end":{"line":16,"column":5}},"loc":{"start":{"line":16,"column":18},"end":{"line":36,"column":5}},"line":16}},"branchMap":{},"s":{"0":1,"1":1,"2":1,"3":1},"f":{"0":1},"b":{},"_coverageSchema":"1a1c01bbd47fc00a2c39e90264f33305004495a9","hash":"1cf941f063fd5dac8f536c3360f41abe2c957246"}
}
