{"C:\\Users\\Maria Eduarda\\Documents\\gestao-tarefas\\src\\app.js": {"path":"C:\\Users\\Maria Eduarda\\Documents\\gestao-tarefas\\src\\app.js","statementMap":{"0":{"start":{"line":1,"column":16},"end":{"line":1,"column":34}},"1":{"start":{"line":2,"column":13},"end":{"line":2,"column":28}},"2":{"start":{"line":4,"column":12},"end":{"line":4,"column":21}},"3":{"start":{"line":5,"column":0},"end":{"line":5,"column":23}},"4":{"start":{"line":7,"column":0},"end":{"line":7,"column":16}},"5":{"start":{"line":9,"column":0},"end":{"line":9,"column":20}}},"fnMap":{},"branchMap":{},"s":{"0":4,"1":4,"2":4,"3":4,"4":4,"5":4},"f":{},"b":{},"_coverageSchema":"1a1c01bbd47fc00a2c39e90264f33305004495a9","hash":"2b55962861f4a3a9c9563f2a35cee9dd1ad79d08"}
,"C:\\Users\\Maria Eduarda\\Documents\\gestao-tarefas\\src\\database.js": {"path":"C:\\Users\\Maria Eduarda\\Documents\\gestao-tarefas\\src\\database.js","statementMap":{"0":{"start":{"line":1,"column":22},"end":{"line":1,"column":42}},"1":{"start":{"line":5,"column":8},"end":{"line":5,"column":19}},"2":{"start":{"line":9,"column":8},"end":{"line":15,"column":10}},"3":{"start":{"line":19,"column":0},"end":{"line":19,"column":31}}},"fnMap":{"0":{"name":"(anonymous_0)","decl":{"start":{"line":4,"column":4},"end":{"line":4,"column":5}},"loc":{"start":{"line":4,"column":18},"end":{"line":6,"column":5}},"line":4},"1":{"name":"(anonymous_1)","decl":{"start":{"line":8,"column":4},"end":{"line":8,"column":5}},"loc":{"start":{"line":8,"column":11},"end":{"line":16,"column":5}},"line":8}},"branchMap":{},"s":{"0":4,"1":4,"2":4,"3":4},"f":{"0":4,"1":4},"b":{},"_coverageSchema":"1a1c01bbd47fc00a2c39e90264f33305004495a9","hash":"a0f51805e81368f76ceb02f0bceb08214a2e85e9"}
,"C:\\Users\\Maria Eduarda\\Documents\\gestao-tarefas\\src\\server.js": {"path":"C:\\Users\\Maria Eduarda\\Documents\\gestao-tarefas\\src\\server.js","statementMap":{"0":{"start":{"line":1,"column":12},"end":{"line":1,"column":28}},"1":{"start":{"line":2,"column":17},"end":{"line":2,"column":38}},"2":{"start":{"line":3,"column":19},"end":{"line":3,"column":43}},"3":{"start":{"line":4,"column":22},"end":{"line":4,"column":49}},"4":{"start":{"line":5,"column":19},"end":{"line":5,"column":43}},"5":{"start":{"line":7,"column":0},"end":{"line":7,"column":36}},"6":{"start":{"line":8,"column":0},"end":{"line":8,"column":42}},"7":{"start":{"line":9,"column":0},"end":{"line":9,"column":36}},"8":{"start":{"line":11,"column":13},"end":{"line":11,"column":37}},"9":{"start":{"line":13,"column":0},"end":{"line":21,"column":7}},"10":{"start":{"line":15,"column":8},"end":{"line":17,"column":11}},"11":{"start":{"line":16,"column":12},"end":{"line":16,"column":58}},"12":{"start":{"line":20,"column":8},"end":{"line":20,"column":67}},"13":{"start":{"line":23,"column":0},"end":{"line":23,"column":20}}},"fnMap":{"0":{"name":"(anonymous_0)","decl":{"start":{"line":14,"column":10},"end":{"line":14,"column":11}},"loc":{"start":{"line":14,"column":15},"end":{"line":18,"column":5}},"line":14},"1":{"name":"(anonymous_1)","decl":{"start":{"line":15,"column":25},"end":{"line":15,"column":26}},"loc":{"start":{"line":15,"column":30},"end":{"line":17,"column":9}},"line":15},"2":{"name":"(anonymous_2)","decl":{"start":{"line":19,"column":11},"end":{"line":19,"column":12}},"loc":{"start":{"line":19,"column":20},"end":{"line":21,"column":5}},"line":19}},"branchMap":{"0":{"loc":{"start":{"line":11,"column":13},"end":{"line":11,"column":37}},"type":"binary-expr","locations":[{"start":{"line":11,"column":13},"end":{"line":11,"column":29}},{"start":{"line":11,"column":33},"end":{"line":11,"column":37}}],"line":11}},"s":{"0":4,"1":4,"2":4,"3":4,"4":4,"5":4,"6":4,"7":4,"8":4,"9":4,"10":0,"11":0,"12":1,"13":4},"f":{"0":0,"1":0,"2":1},"b":{"0":[4,4]},"_coverageSchema":"1a1c01bbd47fc00a2c39e90264f33305004495a9","hash":"412483f7f4ea9ccc07eae0e2c7fa65502156e8ab"}
,"C:\\Users\\Maria Eduarda\\Documents\\gestao-tarefas\\src\\api\\project.js": {"path":"C:\\Users\\Maria Eduarda\\Documents\\gestao-tarefas\\src\\api\\project.js","statementMap":{"0":{"start":{"line":9,"column":26},"end":{"line":9,"column":59}},"1":{"start":{"line":13,"column":60},"end":{"line":13,"column":68}},"2":{"start":{"line":14,"column":8},"end":{"line":19,"column":9}},"3":{"start":{"line":15,"column":28},"end":{"line":15,"column":106}},"4":{"start":{"line":16,"column":12},"end":{"line":16,"column":49}},"5":{"start":{"line":18,"column":12},"end":{"line":18,"column":67}},"6":{"start":{"line":22,"column":23},"end":{"line":22,"column":33}},"7":{"start":{"line":23,"column":52},"end":{"line":23,"column":60}},"8":{"start":{"line":24,"column":8},"end":{"line":29,"column":9}},"9":{"start":{"line":25,"column":28},"end":{"line":25,"column":113}},"10":{"start":{"line":26,"column":12},"end":{"line":26,"column":49}},"11":{"start":{"line":28,"column":12},"end":{"line":28,"column":67}},"12":{"start":{"line":32,"column":21},"end":{"line":32,"column":31}},"13":{"start":{"line":33,"column":8},"end":{"line":38,"column":9}},"14":{"start":{"line":34,"column":12},"end":{"line":34,"column":63}},"15":{"start":{"line":35,"column":12},"end":{"line":35,"column":42}},"16":{"start":{"line":37,"column":12},"end":{"line":37,"column":67}},"17":{"start":{"line":41,"column":8},"end":{"line":46,"column":9}},"18":{"start":{"line":42,"column":28},"end":{"line":42,"column":70}},"19":{"start":{"line":43,"column":12},"end":{"line":43,"column":49}},"20":{"start":{"line":45,"column":12},"end":{"line":45,"column":66}},"21":{"start":{"line":49,"column":25},"end":{"line":49,"column":35}},"22":{"start":{"line":50,"column":8},"end":{"line":55,"column":9}},"23":{"start":{"line":51,"column":28},"end":{"line":51,"column":80}},"24":{"start":{"line":52,"column":12},"end":{"line":52,"column":49}},"25":{"start":{"line":54,"column":12},"end":{"line":54,"column":65}},"26":{"start":{"line":58,"column":22},"end":{"line":58,"column":47}},"27":{"start":{"line":59,"column":8},"end":{"line":64,"column":9}},"28":{"start":{"line":60,"column":12},"end":{"line":60,"column":58}},"29":{"start":{"line":61,"column":12},"end":{"line":61,"column":19}},"30":{"start":{"line":63,"column":12},"end":{"line":63,"column":65}},"31":{"start":{"line":68,"column":0},"end":{"line":68,"column":31}}},"fnMap":{"0":{"name":"(anonymous_0)","decl":{"start":{"line":12,"column":4},"end":{"line":12,"column":5}},"loc":{"start":{"line":12,"column":32},"end":{"line":20,"column":5}},"line":12},"1":{"name":"(anonymous_1)","decl":{"start":{"line":21,"column":4},"end":{"line":21,"column":5}},"loc":{"start":{"line":21,"column":35},"end":{"line":30,"column":5}},"line":21},"2":{"name":"(anonymous_2)","decl":{"start":{"line":31,"column":4},"end":{"line":31,"column":5}},"loc":{"start":{"line":31,"column":35},"end":{"line":39,"column":5}},"line":31},"3":{"name":"(anonymous_3)","decl":{"start":{"line":40,"column":4},"end":{"line":40,"column":5}},"loc":{"start":{"line":40,"column":37},"end":{"line":47,"column":5}},"line":40},"4":{"name":"(anonymous_4)","decl":{"start":{"line":48,"column":4},"end":{"line":48,"column":5}},"loc":{"start":{"line":48,"column":33},"end":{"line":56,"column":5}},"line":48},"5":{"name":"(anonymous_5)","decl":{"start":{"line":57,"column":4},"end":{"line":57,"column":5}},"loc":{"start":{"line":57,"column":41},"end":{"line":65,"column":5}},"line":57}},"branchMap":{},"s":{"0":4,"1":0,"2":0,"3":0,"4":0,"5":0,"6":0,"7":0,"8":0,"9":0,"10":0,"11":0,"12":0,"13":0,"14":0,"15":0,"16":0,"17":0,"18":0,"19":0,"20":0,"21":0,"22":0,"23":0,"24":0,"25":0,"26":0,"27":0,"28":0,"29":0,"30":0,"31":4},"f":{"0":0,"1":0,"2":0,"3":0,"4":0,"5":0},"b":{},"_coverageSchema":"1a1c01bbd47fc00a2c39e90264f33305004495a9","hash":"53445955db71ff7766f94b809be65a18c948c8d4"}
,"C:\\Users\\Maria Eduarda\\Documents\\gestao-tarefas\\src\\api\\task.js": {"path":"C:\\Users\\Maria Eduarda\\Documents\\gestao-tarefas\\src\\api\\task.js","statementMap":{"0":{"start":{"line":10,"column":23},"end":{"line":10,"column":53}},"1":{"start":{"line":14,"column":66},"end":{"line":14,"column":74}},"2":{"start":{"line":15,"column":8},"end":{"line":20,"column":9}},"3":{"start":{"line":16,"column":25},"end":{"line":16,"column":101}},"4":{"start":{"line":17,"column":12},"end":{"line":17,"column":46}},"5":{"start":{"line":19,"column":12},"end":{"line":19,"column":66}},"6":{"start":{"line":23,"column":23},"end":{"line":23,"column":33}},"7":{"start":{"line":24,"column":64},"end":{"line":24,"column":72}},"8":{"start":{"line":25,"column":8},"end":{"line":30,"column":9}},"9":{"start":{"line":26,"column":25},"end":{"line":26,"column":114}},"10":{"start":{"line":27,"column":12},"end":{"line":27,"column":46}},"11":{"start":{"line":29,"column":12},"end":{"line":29,"column":66}},"12":{"start":{"line":33,"column":23},"end":{"line":33,"column":33}},"13":{"start":{"line":34,"column":8},"end":{"line":39,"column":9}},"14":{"start":{"line":35,"column":12},"end":{"line":35,"column":57}},"15":{"start":{"line":36,"column":12},"end":{"line":36,"column":42}},"16":{"start":{"line":38,"column":12},"end":{"line":38,"column":66}},"17":{"start":{"line":42,"column":8},"end":{"line":47,"column":9}},"18":{"start":{"line":43,"column":25},"end":{"line":43,"column":61}},"19":{"start":{"line":44,"column":12},"end":{"line":44,"column":46}},"20":{"start":{"line":46,"column":12},"end":{"line":46,"column":66}},"21":{"start":{"line":50,"column":30},"end":{"line":50,"column":40}},"22":{"start":{"line":51,"column":8},"end":{"line":56,"column":9}},"23":{"start":{"line":52,"column":25},"end":{"line":52,"column":80}},"24":{"start":{"line":53,"column":12},"end":{"line":53,"column":45}},"25":{"start":{"line":55,"column":12},"end":{"line":55,"column":66}},"26":{"start":{"line":59,"column":27},"end":{"line":59,"column":35}},"27":{"start":{"line":60,"column":8},"end":{"line":65,"column":9}},"28":{"start":{"line":61,"column":25},"end":{"line":61,"column":68}},"29":{"start":{"line":62,"column":12},"end":{"line":62,"column":46}},"30":{"start":{"line":64,"column":12},"end":{"line":64,"column":66}},"31":{"start":{"line":68,"column":22},"end":{"line":68,"column":47}},"32":{"start":{"line":69,"column":8},"end":{"line":74,"column":9}},"33":{"start":{"line":70,"column":12},"end":{"line":70,"column":55}},"34":{"start":{"line":71,"column":12},"end":{"line":71,"column":19}},"35":{"start":{"line":73,"column":12},"end":{"line":73,"column":65}},"36":{"start":{"line":78,"column":0},"end":{"line":78,"column":28}}},"fnMap":{"0":{"name":"(anonymous_0)","decl":{"start":{"line":13,"column":4},"end":{"line":13,"column":5}},"loc":{"start":{"line":13,"column":29},"end":{"line":21,"column":5}},"line":13},"1":{"name":"(anonymous_1)","decl":{"start":{"line":22,"column":4},"end":{"line":22,"column":5}},"loc":{"start":{"line":22,"column":32},"end":{"line":31,"column":5}},"line":22},"2":{"name":"(anonymous_2)","decl":{"start":{"line":32,"column":4},"end":{"line":32,"column":5}},"loc":{"start":{"line":32,"column":32},"end":{"line":40,"column":5}},"line":32},"3":{"name":"(anonymous_3)","decl":{"start":{"line":41,"column":4},"end":{"line":41,"column":5}},"loc":{"start":{"line":41,"column":34},"end":{"line":48,"column":5}},"line":41},"4":{"name":"(anonymous_4)","decl":{"start":{"line":49,"column":4},"end":{"line":49,"column":5}},"loc":{"start":{"line":49,"column":36},"end":{"line":57,"column":5}},"line":49},"5":{"name":"(anonymous_5)","decl":{"start":{"line":58,"column":4},"end":{"line":58,"column":5}},"loc":{"start":{"line":58,"column":35},"end":{"line":66,"column":5}},"line":58},"6":{"name":"(anonymous_6)","decl":{"start":{"line":67,"column":4},"end":{"line":67,"column":5}},"loc":{"start":{"line":67,"column":41},"end":{"line":75,"column":5}},"line":67}},"branchMap":{},"s":{"0":4,"1":0,"2":0,"3":0,"4":0,"5":0,"6":0,"7":0,"8":0,"9":0,"10":0,"11":0,"12":0,"13":0,"14":0,"15":0,"16":0,"17":0,"18":0,"19":0,"20":0,"21":0,"22":0,"23":0,"24":0,"25":0,"26":0,"27":0,"28":0,"29":0,"30":0,"31":0,"32":0,"33":0,"34":0,"35":0,"36":4},"f":{"0":0,"1":0,"2":0,"3":0,"4":0,"5":0,"6":0},"b":{},"_coverageSchema":"1a1c01bbd47fc00a2c39e90264f33305004495a9","hash":"699d88564a63d3f01c976ffabdaaf23f4a5ca75c"}
,"C:\\Users\\Maria Eduarda\\Documents\\gestao-tarefas\\src\\api\\user.js": {"path":"C:\\Users\\Maria Eduarda\\Documents\\gestao-tarefas\\src\\api\\user.js","statementMap":{"0":{"start":{"line":7,"column":23},"end":{"line":7,"column":53}},"1":{"start":{"line":11,"column":42},"end":{"line":11,"column":50}},"2":{"start":{"line":12,"column":8},"end":{"line":17,"column":9}},"3":{"start":{"line":13,"column":25},"end":{"line":13,"column":77}},"4":{"start":{"line":14,"column":12},"end":{"line":14,"column":46}},"5":{"start":{"line":16,"column":12},"end":{"line":16,"column":65}},"6":{"start":{"line":20,"column":23},"end":{"line":20,"column":33}},"7":{"start":{"line":21,"column":32},"end":{"line":21,"column":40}},"8":{"start":{"line":22,"column":8},"end":{"line":27,"column":9}},"9":{"start":{"line":23,"column":25},"end":{"line":23,"column":82}},"10":{"start":{"line":24,"column":12},"end":{"line":24,"column":46}},"11":{"start":{"line":26,"column":12},"end":{"line":26,"column":65}},"12":{"start":{"line":30,"column":23},"end":{"line":30,"column":33}},"13":{"start":{"line":31,"column":8},"end":{"line":36,"column":9}},"14":{"start":{"line":32,"column":12},"end":{"line":32,"column":57}},"15":{"start":{"line":33,"column":12},"end":{"line":33,"column":42}},"16":{"start":{"line":35,"column":12},"end":{"line":35,"column":65}},"17":{"start":{"line":39,"column":8},"end":{"line":44,"column":9}},"18":{"start":{"line":40,"column":25},"end":{"line":40,"column":57}},"19":{"start":{"line":41,"column":12},"end":{"line":41,"column":46}},"20":{"start":{"line":43,"column":12},"end":{"line":43,"column":65}},"21":{"start":{"line":47,"column":8},"end":{"line":53,"column":9}},"22":{"start":{"line":48,"column":38},"end":{"line":48,"column":46}},"23":{"start":{"line":49,"column":26},"end":{"line":49,"column":69}},"24":{"start":{"line":50,"column":12},"end":{"line":50,"column":47}},"25":{"start":{"line":52,"column":12},"end":{"line":52,"column":66}},"26":{"start":{"line":56,"column":22},"end":{"line":56,"column":47}},"27":{"start":{"line":57,"column":8},"end":{"line":62,"column":9}},"28":{"start":{"line":58,"column":12},"end":{"line":58,"column":55}},"29":{"start":{"line":59,"column":12},"end":{"line":59,"column":19}},"30":{"start":{"line":61,"column":12},"end":{"line":61,"column":65}},"31":{"start":{"line":66,"column":0},"end":{"line":66,"column":28}}},"fnMap":{"0":{"name":"(anonymous_0)","decl":{"start":{"line":10,"column":4},"end":{"line":10,"column":5}},"loc":{"start":{"line":10,"column":29},"end":{"line":18,"column":5}},"line":10},"1":{"name":"(anonymous_1)","decl":{"start":{"line":19,"column":4},"end":{"line":19,"column":5}},"loc":{"start":{"line":19,"column":32},"end":{"line":28,"column":5}},"line":19},"2":{"name":"(anonymous_2)","decl":{"start":{"line":29,"column":4},"end":{"line":29,"column":5}},"loc":{"start":{"line":29,"column":32},"end":{"line":37,"column":5}},"line":29},"3":{"name":"(anonymous_3)","decl":{"start":{"line":38,"column":4},"end":{"line":38,"column":5}},"loc":{"start":{"line":38,"column":30},"end":{"line":45,"column":5}},"line":38},"4":{"name":"(anonymous_4)","decl":{"start":{"line":46,"column":4},"end":{"line":46,"column":5}},"loc":{"start":{"line":46,"column":26},"end":{"line":54,"column":5}},"line":46},"5":{"name":"(anonymous_5)","decl":{"start":{"line":55,"column":4},"end":{"line":55,"column":5}},"loc":{"start":{"line":55,"column":41},"end":{"line":63,"column":5}},"line":55}},"branchMap":{},"s":{"0":4,"1":5,"2":5,"3":5,"4":5,"5":0,"6":2,"7":2,"8":2,"9":2,"10":2,"11":0,"12":2,"13":2,"14":2,"15":2,"16":0,"17":2,"18":2,"19":2,"20":0,"21":0,"22":0,"23":0,"24":0,"25":0,"26":0,"27":0,"28":0,"29":0,"30":0,"31":4},"f":{"0":5,"1":2,"2":2,"3":2,"4":0,"5":0},"b":{},"_coverageSchema":"1a1c01bbd47fc00a2c39e90264f33305004495a9","hash":"d42c87c55aed47ab36fe5070b8ab6b19c90d9cc1"}
,"C:\\Users\\Maria Eduarda\\Documents\\gestao-tarefas\\src\\controllers\\project.js": {"path":"C:\\Users\\Maria Eduarda\\Documents\\gestao-tarefas\\src\\controllers\\project.js","statementMap":{"0":{"start":{"line":9,"column":16},"end":{"line":9,"column":44}},"1":{"start":{"line":13,"column":8},"end":{"line":15,"column":9}},"2":{"start":{"line":14,"column":12},"end":{"line":14,"column":92}},"3":{"start":{"line":16,"column":8},"end":{"line":21,"column":9}},"4":{"start":{"line":17,"column":28},"end":{"line":17,"column":95}},"5":{"start":{"line":18,"column":12},"end":{"line":18,"column":27}},"6":{"start":{"line":20,"column":12},"end":{"line":20,"column":25}},"7":{"start":{"line":24,"column":8},"end":{"line":26,"column":9}},"8":{"start":{"line":25,"column":12},"end":{"line":25,"column":88}},"9":{"start":{"line":27,"column":8},"end":{"line":39,"column":9}},"10":{"start":{"line":28,"column":28},"end":{"line":28,"column":54}},"11":{"start":{"line":29,"column":12},"end":{"line":31,"column":13}},"12":{"start":{"line":30,"column":16},"end":{"line":30,"column":63}},"13":{"start":{"line":32,"column":12},"end":{"line":32,"column":32}},"14":{"start":{"line":33,"column":12},"end":{"line":33,"column":46}},"15":{"start":{"line":34,"column":12},"end":{"line":34,"column":52}},"16":{"start":{"line":35,"column":12},"end":{"line":35,"column":33}},"17":{"start":{"line":36,"column":12},"end":{"line":36,"column":27}},"18":{"start":{"line":38,"column":12},"end":{"line":38,"column":25}},"19":{"start":{"line":42,"column":8},"end":{"line":44,"column":9}},"20":{"start":{"line":43,"column":12},"end":{"line":43,"column":51}},"21":{"start":{"line":45,"column":8},"end":{"line":53,"column":9}},"22":{"start":{"line":46,"column":28},"end":{"line":46,"column":54}},"23":{"start":{"line":47,"column":12},"end":{"line":49,"column":13}},"24":{"start":{"line":48,"column":16},"end":{"line":48,"column":63}},"25":{"start":{"line":50,"column":12},"end":{"line":50,"column":36}},"26":{"start":{"line":52,"column":12},"end":{"line":52,"column":25}},"27":{"start":{"line":56,"column":8},"end":{"line":61,"column":9}},"28":{"start":{"line":57,"column":28},"end":{"line":57,"column":51}},"29":{"start":{"line":58,"column":12},"end":{"line":58,"column":27}},"30":{"start":{"line":60,"column":12},"end":{"line":60,"column":25}},"31":{"start":{"line":64,"column":8},"end":{"line":66,"column":9}},"32":{"start":{"line":65,"column":12},"end":{"line":65,"column":62}},"33":{"start":{"line":67,"column":8},"end":{"line":75,"column":9}},"34":{"start":{"line":68,"column":28},"end":{"line":68,"column":72}},"35":{"start":{"line":69,"column":12},"end":{"line":71,"column":13}},"36":{"start":{"line":70,"column":16},"end":{"line":70,"column":63}},"37":{"start":{"line":72,"column":12},"end":{"line":72,"column":27}},"38":{"start":{"line":74,"column":12},"end":{"line":74,"column":25}},"39":{"start":{"line":78,"column":8},"end":{"line":83,"column":9}},"40":{"start":{"line":79,"column":29},"end":{"line":79,"column":62}},"41":{"start":{"line":80,"column":12},"end":{"line":80,"column":28}},"42":{"start":{"line":82,"column":12},"end":{"line":82,"column":25}},"43":{"start":{"line":87,"column":0},"end":{"line":87,"column":41}}},"fnMap":{"0":{"name":"(anonymous_0)","decl":{"start":{"line":12,"column":4},"end":{"line":12,"column":5}},"loc":{"start":{"line":12,"column":65},"end":{"line":22,"column":5}},"line":12},"1":{"name":"(anonymous_1)","decl":{"start":{"line":23,"column":4},"end":{"line":23,"column":5}},"loc":{"start":{"line":23,"column":64},"end":{"line":40,"column":5}},"line":23},"2":{"name":"(anonymous_2)","decl":{"start":{"line":41,"column":4},"end":{"line":41,"column":5}},"loc":{"start":{"line":41,"column":29},"end":{"line":54,"column":5}},"line":41},"3":{"name":"(anonymous_3)","decl":{"start":{"line":55,"column":4},"end":{"line":55,"column":5}},"loc":{"start":{"line":55,"column":29},"end":{"line":62,"column":5}},"line":55},"4":{"name":"(anonymous_4)","decl":{"start":{"line":63,"column":4},"end":{"line":63,"column":5}},"loc":{"start":{"line":63,"column":31},"end":{"line":76,"column":5}},"line":63},"5":{"name":"(anonymous_5)","decl":{"start":{"line":77,"column":4},"end":{"line":77,"column":5}},"loc":{"start":{"line":77,"column":32},"end":{"line":84,"column":5}},"line":77}},"branchMap":{"0":{"loc":{"start":{"line":13,"column":8},"end":{"line":15,"column":9}},"type":"if","locations":[{"start":{"line":13,"column":8},"end":{"line":15,"column":9}},{"start":{},"end":{}}],"line":13},"1":{"loc":{"start":{"line":13,"column":12},"end":{"line":13,"column":115}},"type":"binary-expr","locations":[{"start":{"line":13,"column":12},"end":{"line":13,"column":30}},{"start":{"line":13,"column":34},"end":{"line":13,"column":59}},{"start":{"line":13,"column":63},"end":{"line":13,"column":91}},{"start":{"line":13,"column":95},"end":{"line":13,"column":115}}],"line":13},"2":{"loc":{"start":{"line":24,"column":8},"end":{"line":26,"column":9}},"type":"if","locations":[{"start":{"line":24,"column":8},"end":{"line":26,"column":9}},{"start":{},"end":{}}],"line":24},"3":{"loc":{"start":{"line":24,"column":12},"end":{"line":24,"column":59}},"type":"binary-expr","locations":[{"start":{"line":24,"column":12},"end":{"line":24,"column":15}},{"start":{"line":24,"column":19},"end":{"line":24,"column":24}},{"start":{"line":24,"column":28},"end":{"line":24,"column":40}},{"start":{"line":24,"column":44},"end":{"line":24,"column":59}}],"line":24},"4":{"loc":{"start":{"line":29,"column":12},"end":{"line":31,"column":13}},"type":"if","locations":[{"start":{"line":29,"column":12},"end":{"line":31,"column":13}},{"start":{},"end":{}}],"line":29},"5":{"loc":{"start":{"line":42,"column":8},"end":{"line":44,"column":9}},"type":"if","locations":[{"start":{"line":42,"column":8},"end":{"line":44,"column":9}},{"start":{},"end":{}}],"line":42},"6":{"loc":{"start":{"line":47,"column":12},"end":{"line":49,"column":13}},"type":"if","locations":[{"start":{"line":47,"column":12},"end":{"line":49,"column":13}},{"start":{},"end":{}}],"line":47},"7":{"loc":{"start":{"line":64,"column":8},"end":{"line":66,"column":9}},"type":"if","locations":[{"start":{"line":64,"column":8},"end":{"line":66,"column":9}},{"start":{},"end":{}}],"line":64},"8":{"loc":{"start":{"line":69,"column":12},"end":{"line":71,"column":13}},"type":"if","locations":[{"start":{"line":69,"column":12},"end":{"line":71,"column":13}},{"start":{},"end":{}}],"line":69}},"s":{"0":4,"1":0,"2":0,"3":0,"4":0,"5":0,"6":0,"7":0,"8":0,"9":0,"10":0,"11":0,"12":0,"13":0,"14":0,"15":0,"16":0,"17":0,"18":0,"19":0,"20":0,"21":0,"22":0,"23":0,"24":0,"25":0,"26":0,"27":0,"28":0,"29":0,"30":0,"31":0,"32":0,"33":0,"34":0,"35":0,"36":0,"37":0,"38":0,"39":0,"40":0,"41":0,"42":0,"43":4},"f":{"0":0,"1":0,"2":0,"3":0,"4":0,"5":0},"b":{"0":[0,0],"1":[0,0,0,0],"2":[0,0],"3":[0,0,0,0],"4":[0,0],"5":[0,0],"6":[0,0],"7":[0,0],"8":[0,0]},"_coverageSchema":"1a1c01bbd47fc00a2c39e90264f33305004495a9","hash":"58394d025a7e535a40c9fd52684d9476a3663246"}
,"C:\\Users\\Maria Eduarda\\Documents\\gestao-tarefas\\src\\controllers\\task.js": {"path":"C:\\Users\\Maria Eduarda\\Documents\\gestao-tarefas\\src\\controllers\\task.js","statementMap":{"0":{"start":{"line":10,"column":13},"end":{"line":10,"column":38}},"1":{"start":{"line":14,"column":8},"end":{"line":16,"column":9}},"2":{"start":{"line":15,"column":12},"end":{"line":15,"column":94}},"3":{"start":{"line":17,"column":8},"end":{"line":22,"column":9}},"4":{"start":{"line":18,"column":25},"end":{"line":18,"column":110}},"5":{"start":{"line":19,"column":12},"end":{"line":19,"column":24}},"6":{"start":{"line":21,"column":12},"end":{"line":21,"column":25}},"7":{"start":{"line":25,"column":8},"end":{"line":27,"column":9}},"8":{"start":{"line":26,"column":12},"end":{"line":26,"column":95}},"9":{"start":{"line":28,"column":8},"end":{"line":40,"column":9}},"10":{"start":{"line":29,"column":25},"end":{"line":29,"column":48}},"11":{"start":{"line":30,"column":12},"end":{"line":32,"column":13}},"12":{"start":{"line":31,"column":16},"end":{"line":31,"column":63}},"13":{"start":{"line":33,"column":12},"end":{"line":33,"column":31}},"14":{"start":{"line":34,"column":12},"end":{"line":34,"column":43}},"15":{"start":{"line":35,"column":12},"end":{"line":35,"column":51}},"16":{"start":{"line":36,"column":12},"end":{"line":36,"column":30}},"17":{"start":{"line":37,"column":12},"end":{"line":37,"column":24}},"18":{"start":{"line":39,"column":12},"end":{"line":39,"column":25}},"19":{"start":{"line":43,"column":8},"end":{"line":45,"column":9}},"20":{"start":{"line":44,"column":12},"end":{"line":44,"column":51}},"21":{"start":{"line":46,"column":8},"end":{"line":54,"column":9}},"22":{"start":{"line":47,"column":25},"end":{"line":47,"column":48}},"23":{"start":{"line":48,"column":12},"end":{"line":50,"column":13}},"24":{"start":{"line":49,"column":16},"end":{"line":49,"column":62}},"25":{"start":{"line":51,"column":12},"end":{"line":51,"column":33}},"26":{"start":{"line":53,"column":12},"end":{"line":53,"column":25}},"27":{"start":{"line":57,"column":8},"end":{"line":62,"column":9}},"28":{"start":{"line":58,"column":25},"end":{"line":58,"column":45}},"29":{"start":{"line":59,"column":12},"end":{"line":59,"column":24}},"30":{"start":{"line":61,"column":12},"end":{"line":61,"column":25}},"31":{"start":{"line":65,"column":8},"end":{"line":67,"column":9}},"32":{"start":{"line":66,"column":12},"end":{"line":66,"column":62}},"33":{"start":{"line":68,"column":8},"end":{"line":76,"column":9}},"34":{"start":{"line":69,"column":25},"end":{"line":69,"column":69}},"35":{"start":{"line":70,"column":12},"end":{"line":72,"column":13}},"36":{"start":{"line":71,"column":16},"end":{"line":71,"column":62}},"37":{"start":{"line":73,"column":12},"end":{"line":73,"column":24}},"38":{"start":{"line":75,"column":12},"end":{"line":75,"column":25}},"39":{"start":{"line":79,"column":8},"end":{"line":81,"column":9}},"40":{"start":{"line":80,"column":12},"end":{"line":80,"column":55}},"41":{"start":{"line":82,"column":8},"end":{"line":90,"column":9}},"42":{"start":{"line":83,"column":25},"end":{"line":83,"column":66}},"43":{"start":{"line":84,"column":12},"end":{"line":86,"column":13}},"44":{"start":{"line":85,"column":16},"end":{"line":85,"column":62}},"45":{"start":{"line":87,"column":12},"end":{"line":87,"column":24}},"46":{"start":{"line":89,"column":12},"end":{"line":89,"column":25}},"47":{"start":{"line":93,"column":8},"end":{"line":98,"column":9}},"48":{"start":{"line":94,"column":29},"end":{"line":94,"column":62}},"49":{"start":{"line":95,"column":12},"end":{"line":95,"column":28}},"50":{"start":{"line":97,"column":12},"end":{"line":97,"column":25}},"51":{"start":{"line":102,"column":0},"end":{"line":102,"column":38}}},"fnMap":{"0":{"name":"(anonymous_0)","decl":{"start":{"line":13,"column":4},"end":{"line":13,"column":5}},"loc":{"start":{"line":13,"column":66},"end":{"line":23,"column":5}},"line":13},"1":{"name":"(anonymous_1)","decl":{"start":{"line":24,"column":4},"end":{"line":24,"column":5}},"loc":{"start":{"line":24,"column":63},"end":{"line":41,"column":5}},"line":24},"2":{"name":"(anonymous_2)","decl":{"start":{"line":42,"column":4},"end":{"line":42,"column":5}},"loc":{"start":{"line":42,"column":26},"end":{"line":55,"column":5}},"line":42},"3":{"name":"(anonymous_3)","decl":{"start":{"line":56,"column":4},"end":{"line":56,"column":5}},"loc":{"start":{"line":56,"column":26},"end":{"line":63,"column":5}},"line":56},"4":{"name":"(anonymous_4)","decl":{"start":{"line":64,"column":4},"end":{"line":64,"column":5}},"loc":{"start":{"line":64,"column":37},"end":{"line":77,"column":5}},"line":64},"5":{"name":"(anonymous_5)","decl":{"start":{"line":78,"column":4},"end":{"line":78,"column":5}},"loc":{"start":{"line":78,"column":33},"end":{"line":91,"column":5}},"line":78},"6":{"name":"(anonymous_6)","decl":{"start":{"line":92,"column":4},"end":{"line":92,"column":5}},"loc":{"start":{"line":92,"column":32},"end":{"line":99,"column":5}},"line":92}},"branchMap":{"0":{"loc":{"start":{"line":14,"column":8},"end":{"line":16,"column":9}},"type":"if","locations":[{"start":{"line":14,"column":8},"end":{"line":16,"column":9}},{"start":{},"end":{}}],"line":14},"1":{"loc":{"start":{"line":14,"column":12},"end":{"line":14,"column":119}},"type":"binary-expr","locations":[{"start":{"line":14,"column":12},"end":{"line":14,"column":31}},{"start":{"line":14,"column":35},"end":{"line":14,"column":60}},{"start":{"line":14,"column":64},"end":{"line":14,"column":92}},{"start":{"line":14,"column":96},"end":{"line":14,"column":119}}],"line":14},"2":{"loc":{"start":{"line":25,"column":8},"end":{"line":27,"column":9}},"type":"if","locations":[{"start":{"line":25,"column":8},"end":{"line":27,"column":9}},{"start":{},"end":{}}],"line":25},"3":{"loc":{"start":{"line":25,"column":12},"end":{"line":25,"column":120}},"type":"binary-expr","locations":[{"start":{"line":25,"column":12},"end":{"line":25,"column":31}},{"start":{"line":25,"column":35},"end":{"line":25,"column":60}},{"start":{"line":25,"column":64},"end":{"line":25,"column":93}},{"start":{"line":25,"column":97},"end":{"line":25,"column":120}}],"line":25},"4":{"loc":{"start":{"line":30,"column":12},"end":{"line":32,"column":13}},"type":"if","locations":[{"start":{"line":30,"column":12},"end":{"line":32,"column":13}},{"start":{},"end":{}}],"line":30},"5":{"loc":{"start":{"line":43,"column":8},"end":{"line":45,"column":9}},"type":"if","locations":[{"start":{"line":43,"column":8},"end":{"line":45,"column":9}},{"start":{},"end":{}}],"line":43},"6":{"loc":{"start":{"line":48,"column":12},"end":{"line":50,"column":13}},"type":"if","locations":[{"start":{"line":48,"column":12},"end":{"line":50,"column":13}},{"start":{},"end":{}}],"line":48},"7":{"loc":{"start":{"line":65,"column":8},"end":{"line":67,"column":9}},"type":"if","locations":[{"start":{"line":65,"column":8},"end":{"line":67,"column":9}},{"start":{},"end":{}}],"line":65},"8":{"loc":{"start":{"line":70,"column":12},"end":{"line":72,"column":13}},"type":"if","locations":[{"start":{"line":70,"column":12},"end":{"line":72,"column":13}},{"start":{},"end":{}}],"line":70},"9":{"loc":{"start":{"line":79,"column":8},"end":{"line":81,"column":9}},"type":"if","locations":[{"start":{"line":79,"column":8},"end":{"line":81,"column":9}},{"start":{},"end":{}}],"line":79},"10":{"loc":{"start":{"line":84,"column":12},"end":{"line":86,"column":13}},"type":"if","locations":[{"start":{"line":84,"column":12},"end":{"line":86,"column":13}},{"start":{},"end":{}}],"line":84}},"s":{"0":4,"1":0,"2":0,"3":0,"4":0,"5":0,"6":0,"7":0,"8":0,"9":0,"10":0,"11":0,"12":0,"13":0,"14":0,"15":0,"16":0,"17":0,"18":0,"19":0,"20":0,"21":0,"22":0,"23":0,"24":0,"25":0,"26":0,"27":0,"28":0,"29":0,"30":0,"31":0,"32":0,"33":0,"34":0,"35":0,"36":0,"37":0,"38":0,"39":0,"40":0,"41":0,"42":0,"43":0,"44":0,"45":0,"46":0,"47":0,"48":0,"49":0,"50":0,"51":4},"f":{"0":0,"1":0,"2":0,"3":0,"4":0,"5":0,"6":0},"b":{"0":[0,0],"1":[0,0,0,0],"2":[0,0],"3":[0,0,0,0],"4":[0,0],"5":[0,0],"6":[0,0],"7":[0,0],"8":[0,0],"9":[0,0],"10":[0,0]},"_coverageSchema":"1a1c01bbd47fc00a2c39e90264f33305004495a9","hash":"8b42162d952737388921b8ea03da3fe944982bb6"}
,"C:\\Users\\Maria Eduarda\\Documents\\gestao-tarefas\\src\\controllers\\user.js": {"path":"C:\\Users\\Maria Eduarda\\Documents\\gestao-tarefas\\src\\controllers\\user.js","statementMap":{"0":{"start":{"line":7,"column":13},"end":{"line":7,"column":38}},"1":{"start":{"line":8,"column":15},"end":{"line":8,"column":32}},"2":{"start":{"line":9,"column":12},"end":{"line":9,"column":35}},"3":{"start":{"line":10,"column":23},"end":{"line":10,"column":30}},"4":{"start":{"line":11,"column":15},"end":{"line":11,"column":16}},"5":{"start":{"line":15,"column":8},"end":{"line":17,"column":9}},"6":{"start":{"line":16,"column":12},"end":{"line":16,"column":73}},"7":{"start":{"line":18,"column":8},"end":{"line":24,"column":9}},"8":{"start":{"line":19,"column":34},"end":{"line":19,"column":69}},"9":{"start":{"line":20,"column":25},"end":{"line":20,"column":84}},"10":{"start":{"line":21,"column":12},"end":{"line":21,"column":24}},"11":{"start":{"line":23,"column":12},"end":{"line":23,"column":25}},"12":{"start":{"line":27,"column":8},"end":{"line":29,"column":9}},"13":{"start":{"line":28,"column":12},"end":{"line":28,"column":68}},"14":{"start":{"line":30,"column":8},"end":{"line":43,"column":9}},"15":{"start":{"line":31,"column":25},"end":{"line":31,"column":48}},"16":{"start":{"line":32,"column":12},"end":{"line":34,"column":13}},"17":{"start":{"line":33,"column":16},"end":{"line":33,"column":64}},"18":{"start":{"line":35,"column":12},"end":{"line":35,"column":29}},"19":{"start":{"line":36,"column":12},"end":{"line":36,"column":31}},"20":{"start":{"line":39,"column":12},"end":{"line":39,"column":30}},"21":{"start":{"line":40,"column":12},"end":{"line":40,"column":24}},"22":{"start":{"line":42,"column":12},"end":{"line":42,"column":25}},"23":{"start":{"line":46,"column":8},"end":{"line":48,"column":9}},"24":{"start":{"line":47,"column":12},"end":{"line":47,"column":52}},"25":{"start":{"line":49,"column":8},"end":{"line":57,"column":9}},"26":{"start":{"line":50,"column":25},"end":{"line":50,"column":48}},"27":{"start":{"line":51,"column":12},"end":{"line":53,"column":13}},"28":{"start":{"line":52,"column":16},"end":{"line":52,"column":60}},"29":{"start":{"line":54,"column":12},"end":{"line":54,"column":33}},"30":{"start":{"line":56,"column":11},"end":{"line":56,"column":24}},"31":{"start":{"line":60,"column":8},"end":{"line":65,"column":9}},"32":{"start":{"line":61,"column":25},"end":{"line":61,"column":45}},"33":{"start":{"line":62,"column":12},"end":{"line":62,"column":24}},"34":{"start":{"line":64,"column":12},"end":{"line":64,"column":25}},"35":{"start":{"line":68,"column":8},"end":{"line":70,"column":9}},"36":{"start":{"line":69,"column":12},"end":{"line":69,"column":68}},"37":{"start":{"line":71,"column":8},"end":{"line":84,"column":9}},"38":{"start":{"line":72,"column":25},"end":{"line":72,"column":63}},"39":{"start":{"line":73,"column":12},"end":{"line":75,"column":13}},"40":{"start":{"line":74,"column":16},"end":{"line":74,"column":63}},"41":{"start":{"line":76,"column":37},"end":{"line":76,"column":82}},"42":{"start":{"line":77,"column":12},"end":{"line":79,"column":13}},"43":{"start":{"line":78,"column":16},"end":{"line":78,"column":56}},"44":{"start":{"line":80,"column":26},"end":{"line":80,"column":68}},"45":{"start":{"line":81,"column":12},"end":{"line":81,"column":25}},"46":{"start":{"line":83,"column":12},"end":{"line":83,"column":25}},"47":{"start":{"line":87,"column":8},"end":{"line":92,"column":9}},"48":{"start":{"line":88,"column":29},"end":{"line":88,"column":62}},"49":{"start":{"line":89,"column":12},"end":{"line":89,"column":28}},"50":{"start":{"line":91,"column":12},"end":{"line":91,"column":28}},"51":{"start":{"line":96,"column":0},"end":{"line":96,"column":38}}},"fnMap":{"0":{"name":"(anonymous_0)","decl":{"start":{"line":14,"column":4},"end":{"line":14,"column":5}},"loc":{"start":{"line":14,"column":43},"end":{"line":25,"column":5}},"line":14},"1":{"name":"(anonymous_1)","decl":{"start":{"line":26,"column":4},"end":{"line":26,"column":5}},"loc":{"start":{"line":26,"column":39},"end":{"line":44,"column":5}},"line":26},"2":{"name":"(anonymous_2)","decl":{"start":{"line":45,"column":4},"end":{"line":45,"column":5}},"loc":{"start":{"line":45,"column":26},"end":{"line":58,"column":5}},"line":45},"3":{"name":"(anonymous_3)","decl":{"start":{"line":59,"column":4},"end":{"line":59,"column":5}},"loc":{"start":{"line":59,"column":22},"end":{"line":66,"column":5}},"line":59},"4":{"name":"(anonymous_4)","decl":{"start":{"line":67,"column":4},"end":{"line":67,"column":5}},"loc":{"start":{"line":67,"column":33},"end":{"line":85,"column":5}},"line":67},"5":{"name":"(anonymous_5)","decl":{"start":{"line":86,"column":4},"end":{"line":86,"column":5}},"loc":{"start":{"line":86,"column":32},"end":{"line":93,"column":5}},"line":86}},"branchMap":{"0":{"loc":{"start":{"line":15,"column":8},"end":{"line":17,"column":9}},"type":"if","locations":[{"start":{"line":15,"column":8},"end":{"line":17,"column":9}},{"start":{},"end":{}}],"line":15},"1":{"loc":{"start":{"line":15,"column":12},"end":{"line":15,"column":79}},"type":"binary-expr","locations":[{"start":{"line":15,"column":12},"end":{"line":15,"column":30}},{"start":{"line":15,"column":34},"end":{"line":15,"column":53}},{"start":{"line":15,"column":57},"end":{"line":15,"column":79}}],"line":15},"2":{"loc":{"start":{"line":27,"column":8},"end":{"line":29,"column":9}},"type":"if","locations":[{"start":{"line":27,"column":8},"end":{"line":29,"column":9}},{"start":{},"end":{}}],"line":27},"3":{"loc":{"start":{"line":27,"column":12},"end":{"line":27,"column":34}},"type":"binary-expr","locations":[{"start":{"line":27,"column":12},"end":{"line":27,"column":15}},{"start":{"line":27,"column":19},"end":{"line":27,"column":24}},{"start":{"line":27,"column":28},"end":{"line":27,"column":34}}],"line":27},"4":{"loc":{"start":{"line":32,"column":12},"end":{"line":34,"column":13}},"type":"if","locations":[{"start":{"line":32,"column":12},"end":{"line":34,"column":13}},{"start":{},"end":{}}],"line":32},"5":{"loc":{"start":{"line":46,"column":8},"end":{"line":48,"column":9}},"type":"if","locations":[{"start":{"line":46,"column":8},"end":{"line":48,"column":9}},{"start":{},"end":{}}],"line":46},"6":{"loc":{"start":{"line":51,"column":12},"end":{"line":53,"column":13}},"type":"if","locations":[{"start":{"line":51,"column":12},"end":{"line":53,"column":13}},{"start":{},"end":{}}],"line":51},"7":{"loc":{"start":{"line":68,"column":8},"end":{"line":70,"column":9}},"type":"if","locations":[{"start":{"line":68,"column":8},"end":{"line":70,"column":9}},{"start":{},"end":{}}],"line":68},"8":{"loc":{"start":{"line":68,"column":12},"end":{"line":68,"column":31}},"type":"binary-expr","locations":[{"start":{"line":68,"column":12},"end":{"line":68,"column":18}},{"start":{"line":68,"column":22},"end":{"line":68,"column":31}}],"line":68},"9":{"loc":{"start":{"line":73,"column":12},"end":{"line":75,"column":13}},"type":"if","locations":[{"start":{"line":73,"column":12},"end":{"line":75,"column":13}},{"start":{},"end":{}}],"line":73},"10":{"loc":{"start":{"line":77,"column":12},"end":{"line":79,"column":13}},"type":"if","locations":[{"start":{"line":77,"column":12},"end":{"line":79,"column":13}},{"start":{},"end":{}}],"line":77}},"s":{"0":4,"1":4,"2":4,"3":4,"4":4,"5":5,"6":0,"7":5,"8":5,"9":5,"10":5,"11":0,"12":2,"13":0,"14":2,"15":2,"16":2,"17":0,"18":2,"19":2,"20":2,"21":2,"22":0,"23":2,"24":0,"25":2,"26":2,"27":2,"28":1,"29":1,"30":1,"31":2,"32":2,"33":1,"34":1,"35":0,"36":0,"37":0,"38":0,"39":0,"40":0,"41":0,"42":0,"43":0,"44":0,"45":0,"46":0,"47":0,"48":0,"49":0,"50":0,"51":4},"f":{"0":5,"1":2,"2":2,"3":2,"4":0,"5":0},"b":{"0":[0,5],"1":[5,5,5],"2":[0,2],"3":[2,2,2],"4":[0,2],"5":[0,2],"6":[1,1],"7":[0,0],"8":[0,0],"9":[0,0],"10":[0,0]},"_coverageSchema":"1a1c01bbd47fc00a2c39e90264f33305004495a9","hash":"a5bc1437358375cb738de523002268742558c260"}
,"C:\\Users\\Maria Eduarda\\Documents\\gestao-tarefas\\src\\models\\project.js": {"path":"C:\\Users\\Maria Eduarda\\Documents\\gestao-tarefas\\src\\models\\project.js","statementMap":{"0":{"start":{"line":15,"column":18},"end":{"line":15,"column":38}},"1":{"start":{"line":16,"column":17},"end":{"line":16,"column":39}},"2":{"start":{"line":17,"column":15},"end":{"line":17,"column":40}},"3":{"start":{"line":21,"column":8},"end":{"line":43,"column":10}},"4":{"start":{"line":48,"column":0},"end":{"line":48,"column":37}}},"fnMap":{"0":{"name":"(anonymous_0)","decl":{"start":{"line":20,"column":4},"end":{"line":20,"column":5}},"loc":{"start":{"line":20,"column":18},"end":{"line":44,"column":5}},"line":20}},"branchMap":{},"s":{"0":4,"1":4,"2":4,"3":4,"4":4},"f":{"0":4},"b":{},"_coverageSchema":"1a1c01bbd47fc00a2c39e90264f33305004495a9","hash":"f77e27f11522aa27882a9f19ae10f74d22741165"}
,"C:\\Users\\Maria Eduarda\\Documents\\gestao-tarefas\\src\\models\\task.js": {"path":"C:\\Users\\Maria Eduarda\\Documents\\gestao-tarefas\\src\\models\\task.js","statementMap":{"0":{"start":{"line":17,"column":18},"end":{"line":17,"column":38}},"1":{"start":{"line":18,"column":17},"end":{"line":18,"column":39}},"2":{"start":{"line":19,"column":18},"end":{"line":19,"column":46}},"3":{"start":{"line":23,"column":8},"end":{"line":52,"column":10}},"4":{"start":{"line":57,"column":0},"end":{"line":57,"column":34}}},"fnMap":{"0":{"name":"(anonymous_0)","decl":{"start":{"line":22,"column":4},"end":{"line":22,"column":5}},"loc":{"start":{"line":22,"column":18},"end":{"line":53,"column":5}},"line":22}},"branchMap":{},"s":{"0":4,"1":4,"2":4,"3":4,"4":4},"f":{"0":4},"b":{},"_coverageSchema":"1a1c01bbd47fc00a2c39e90264f33305004495a9","hash":"0b4bfa2acd11cfe168eabfe27adeac3bee559655"}
,"C:\\Users\\Maria Eduarda\\Documents\\gestao-tarefas\\src\\models\\user.js": {"path":"C:\\Users\\Maria Eduarda\\Documents\\gestao-tarefas\\src\\models\\user.js","statementMap":{"0":{"start":{"line":12,"column":18},"end":{"line":12,"column":38}},"1":{"start":{"line":13,"column":17},"end":{"line":13,"column":39}},"2":{"start":{"line":17,"column":8},"end":{"line":35,"column":10}},"3":{"start":{"line":39,"column":0},"end":{"line":39,"column":34}}},"fnMap":{"0":{"name":"(anonymous_0)","decl":{"start":{"line":16,"column":4},"end":{"line":16,"column":5}},"loc":{"start":{"line":16,"column":18},"end":{"line":36,"column":5}},"line":16}},"branchMap":{},"s":{"0":4,"1":4,"2":4,"3":4},"f":{"0":4},"b":{},"_coverageSchema":"1a1c01bbd47fc00a2c39e90264f33305004495a9","hash":"1cf941f063fd5dac8f536c3360f41abe2c957246"}
,"C:\\Users\\Maria Eduarda\\Documents\\gestao-tarefas\\src\\routes\\project.js": {"path":"C:\\Users\\Maria Eduarda\\Documents\\gestao-tarefas\\src\\routes\\project.js","statementMap":{"0":{"start":{"line":1,"column":16},"end":{"line":1,"column":34}},"1":{"start":{"line":2,"column":19},"end":{"line":2,"column":44}},"2":{"start":{"line":3,"column":15},"end":{"line":3,"column":31}},"3":{"start":{"line":5,"column":0},"end":{"line":5,"column":40}},"4":{"start":{"line":6,"column":0},"end":{"line":6,"column":44}},"5":{"start":{"line":7,"column":0},"end":{"line":7,"column":47}},"6":{"start":{"line":8,"column":0},"end":{"line":8,"column":45}},"7":{"start":{"line":9,"column":0},"end":{"line":9,"column":48}},"8":{"start":{"line":11,"column":0},"end":{"line":11,"column":23}}},"fnMap":{},"branchMap":{},"s":{"0":4,"1":4,"2":4,"3":4,"4":4,"5":4,"6":4,"7":4,"8":4},"f":{},"b":{},"_coverageSchema":"1a1c01bbd47fc00a2c39e90264f33305004495a9","hash":"609a8021d8532721a9fdb81075dc4d181c0b88db"}
,"C:\\Users\\Maria Eduarda\\Documents\\gestao-tarefas\\src\\routes\\task.js": {"path":"C:\\Users\\Maria Eduarda\\Documents\\gestao-tarefas\\src\\routes\\task.js","statementMap":{"0":{"start":{"line":1,"column":16},"end":{"line":1,"column":34}},"1":{"start":{"line":2,"column":16},"end":{"line":2,"column":38}},"2":{"start":{"line":3,"column":15},"end":{"line":3,"column":31}},"3":{"start":{"line":5,"column":0},"end":{"line":5,"column":34}},"4":{"start":{"line":6,"column":0},"end":{"line":6,"column":38}},"5":{"start":{"line":7,"column":0},"end":{"line":7,"column":50}},"6":{"start":{"line":8,"column":0},"end":{"line":8,"column":46}},"7":{"start":{"line":9,"column":0},"end":{"line":9,"column":39}},"8":{"start":{"line":10,"column":0},"end":{"line":10,"column":42}},"9":{"start":{"line":12,"column":0},"end":{"line":12,"column":23}}},"fnMap":{},"branchMap":{},"s":{"0":4,"1":4,"2":4,"3":4,"4":4,"5":4,"6":4,"7":4,"8":4,"9":4},"f":{},"b":{},"_coverageSchema":"1a1c01bbd47fc00a2c39e90264f33305004495a9","hash":"b782f6119e7c02c681c0033b911d740377fa96bd"}
,"C:\\Users\\Maria Eduarda\\Documents\\gestao-tarefas\\src\\routes\\user.js": {"path":"C:\\Users\\Maria Eduarda\\Documents\\gestao-tarefas\\src\\routes\\user.js","statementMap":{"0":{"start":{"line":1,"column":16},"end":{"line":1,"column":34}},"1":{"start":{"line":2,"column":16},"end":{"line":2,"column":38}},"2":{"start":{"line":3,"column":15},"end":{"line":3,"column":31}},"3":{"start":{"line":5,"column":0},"end":{"line":5,"column":34}},"4":{"start":{"line":6,"column":0},"end":{"line":6,"column":34}},"5":{"start":{"line":7,"column":0},"end":{"line":7,"column":39}},"6":{"start":{"line":8,"column":0},"end":{"line":8,"column":42}},"7":{"start":{"line":10,"column":0},"end":{"line":10,"column":23}}},"fnMap":{},"branchMap":{},"s":{"0":4,"1":4,"2":4,"3":4,"4":4,"5":4,"6":4,"7":4},"f":{},"b":{},"_coverageSchema":"1a1c01bbd47fc00a2c39e90264f33305004495a9","hash":"c0c7c4b1ff20f04f2ffb1761a50397d1b825ac33"}
}
