TN:
SF:src\app.js
FNF:0
FNH:0
DA:1,4
DA:2,4
DA:4,4
DA:5,4
DA:7,4
DA:9,4
LF:6
LH:6
BRF:0
BRH:0
end_of_record
TN:
SF:src\database.js
FN:4,(anonymous_0)
FN:8,(anonymous_1)
FNF:2
FNH:2
FNDA:4,(anonymous_0)
FNDA:4,(anonymous_1)
DA:1,4
DA:5,4
DA:9,4
DA:19,4
LF:4
LH:4
BRF:0
BRH:0
end_of_record
TN:
SF:src\server.js
FN:14,(anonymous_0)
FN:15,(anonymous_1)
FN:19,(anonymous_2)
FNF:3
FNH:1
FNDA:0,(anonymous_0)
FNDA:0,(anonymous_1)
FNDA:1,(anonymous_2)
DA:1,4
DA:2,4
DA:3,4
DA:4,4
DA:5,4
DA:7,4
DA:8,4
DA:9,4
DA:11,4
DA:13,4
DA:15,0
DA:16,0
DA:20,1
DA:23,4
LF:14
LH:12
BRDA:11,0,0,4
BRDA:11,0,1,4
BRF:2
BRH:2
end_of_record
TN:
SF:src\api\project.js
FN:12,(anonymous_0)
FN:21,(anonymous_1)
FN:31,(anonymous_2)
FN:40,(anonymous_3)
FN:48,(anonymous_4)
FN:57,(anonymous_5)
FNF:6
FNH:0
FNDA:0,(anonymous_0)
FNDA:0,(anonymous_1)
FNDA:0,(anonymous_2)
FNDA:0,(anonymous_3)
FNDA:0,(anonymous_4)
FNDA:0,(anonymous_5)
DA:9,4
DA:13,0
DA:14,0
DA:15,0
DA:16,0
DA:18,0
DA:22,0
DA:23,0
DA:24,0
DA:25,0
DA:26,0
DA:28,0
DA:32,0
DA:33,0
DA:34,0
DA:35,0
DA:37,0
DA:41,0
DA:42,0
DA:43,0
DA:45,0
DA:49,0
DA:50,0
DA:51,0
DA:52,0
DA:54,0
DA:58,0
DA:59,0
DA:60,0
DA:61,0
DA:63,0
DA:68,4
LF:32
LH:2
BRF:0
BRH:0
end_of_record
TN:
SF:src\api\task.js
FN:13,(anonymous_0)
FN:22,(anonymous_1)
FN:32,(anonymous_2)
FN:41,(anonymous_3)
FN:49,(anonymous_4)
FN:58,(anonymous_5)
FN:67,(anonymous_6)
FNF:7
FNH:0
FNDA:0,(anonymous_0)
FNDA:0,(anonymous_1)
FNDA:0,(anonymous_2)
FNDA:0,(anonymous_3)
FNDA:0,(anonymous_4)
FNDA:0,(anonymous_5)
FNDA:0,(anonymous_6)
DA:10,4
DA:14,0
DA:15,0
DA:16,0
DA:17,0
DA:19,0
DA:23,0
DA:24,0
DA:25,0
DA:26,0
DA:27,0
DA:29,0
DA:33,0
DA:34,0
DA:35,0
DA:36,0
DA:38,0
DA:42,0
DA:43,0
DA:44,0
DA:46,0
DA:50,0
DA:51,0
DA:52,0
DA:53,0
DA:55,0
DA:59,0
DA:60,0
DA:61,0
DA:62,0
DA:64,0
DA:68,0
DA:69,0
DA:70,0
DA:71,0
DA:73,0
DA:78,4
LF:37
LH:2
BRF:0
BRH:0
end_of_record
TN:
SF:src\api\user.js
FN:10,(anonymous_0)
FN:19,(anonymous_1)
FN:29,(anonymous_2)
FN:38,(anonymous_3)
FN:46,(anonymous_4)
FN:55,(anonymous_5)
FNF:6
FNH:4
FNDA:5,(anonymous_0)
FNDA:2,(anonymous_1)
FNDA:2,(anonymous_2)
FNDA:2,(anonymous_3)
FNDA:0,(anonymous_4)
FNDA:0,(anonymous_5)
DA:7,4
DA:11,5
DA:12,5
DA:13,5
DA:14,5
DA:16,0
DA:20,2
DA:21,2
DA:22,2
DA:23,2
DA:24,2
DA:26,0
DA:30,2
DA:31,2
DA:32,2
DA:33,2
DA:35,0
DA:39,2
DA:40,2
DA:41,2
DA:43,0
DA:47,0
DA:48,0
DA:49,0
DA:50,0
DA:52,0
DA:56,0
DA:57,0
DA:58,0
DA:59,0
DA:61,0
DA:66,4
LF:32
LH:18
BRF:0
BRH:0
end_of_record
TN:
SF:src\controllers\project.js
FN:12,(anonymous_0)
FN:23,(anonymous_1)
FN:41,(anonymous_2)
FN:55,(anonymous_3)
FN:63,(anonymous_4)
FN:77,(anonymous_5)
FNF:6
FNH:0
FNDA:0,(anonymous_0)
FNDA:0,(anonymous_1)
FNDA:0,(anonymous_2)
FNDA:0,(anonymous_3)
FNDA:0,(anonymous_4)
FNDA:0,(anonymous_5)
DA:9,4
DA:13,0
DA:14,0
DA:16,0
DA:17,0
DA:18,0
DA:20,0
DA:24,0
DA:25,0
DA:27,0
DA:28,0
DA:29,0
DA:30,0
DA:32,0
DA:33,0
DA:34,0
DA:35,0
DA:36,0
DA:38,0
DA:42,0
DA:43,0
DA:45,0
DA:46,0
DA:47,0
DA:48,0
DA:50,0
DA:52,0
DA:56,0
DA:57,0
DA:58,0
DA:60,0
DA:64,0
DA:65,0
DA:67,0
DA:68,0
DA:69,0
DA:70,0
DA:72,0
DA:74,0
DA:78,0
DA:79,0
DA:80,0
DA:82,0
DA:87,4
LF:44
LH:2
BRDA:13,0,0,0
BRDA:13,0,1,0
BRDA:13,1,0,0
BRDA:13,1,1,0
BRDA:13,1,2,0
BRDA:13,1,3,0
BRDA:24,2,0,0
BRDA:24,2,1,0
BRDA:24,3,0,0
BRDA:24,3,1,0
BRDA:24,3,2,0
BRDA:24,3,3,0
BRDA:29,4,0,0
BRDA:29,4,1,0
BRDA:42,5,0,0
BRDA:42,5,1,0
BRDA:47,6,0,0
BRDA:47,6,1,0
BRDA:64,7,0,0
BRDA:64,7,1,0
BRDA:69,8,0,0
BRDA:69,8,1,0
BRF:22
BRH:0
end_of_record
TN:
SF:src\controllers\task.js
FN:13,(anonymous_0)
FN:24,(anonymous_1)
FN:42,(anonymous_2)
FN:56,(anonymous_3)
FN:64,(anonymous_4)
FN:78,(anonymous_5)
FN:92,(anonymous_6)
FNF:7
FNH:0
FNDA:0,(anonymous_0)
FNDA:0,(anonymous_1)
FNDA:0,(anonymous_2)
FNDA:0,(anonymous_3)
FNDA:0,(anonymous_4)
FNDA:0,(anonymous_5)
FNDA:0,(anonymous_6)
DA:10,4
DA:14,0
DA:15,0
DA:17,0
DA:18,0
DA:19,0
DA:21,0
DA:25,0
DA:26,0
DA:28,0
DA:29,0
DA:30,0
DA:31,0
DA:33,0
DA:34,0
DA:35,0
DA:36,0
DA:37,0
DA:39,0
DA:43,0
DA:44,0
DA:46,0
DA:47,0
DA:48,0
DA:49,0
DA:51,0
DA:53,0
DA:57,0
DA:58,0
DA:59,0
DA:61,0
DA:65,0
DA:66,0
DA:68,0
DA:69,0
DA:70,0
DA:71,0
DA:73,0
DA:75,0
DA:79,0
DA:80,0
DA:82,0
DA:83,0
DA:84,0
DA:85,0
DA:87,0
DA:89,0
DA:93,0
DA:94,0
DA:95,0
DA:97,0
DA:102,4
LF:52
LH:2
BRDA:14,0,0,0
BRDA:14,0,1,0
BRDA:14,1,0,0
BRDA:14,1,1,0
BRDA:14,1,2,0
BRDA:14,1,3,0
BRDA:25,2,0,0
BRDA:25,2,1,0
BRDA:25,3,0,0
BRDA:25,3,1,0
BRDA:25,3,2,0
BRDA:25,3,3,0
BRDA:30,4,0,0
BRDA:30,4,1,0
BRDA:43,5,0,0
BRDA:43,5,1,0
BRDA:48,6,0,0
BRDA:48,6,1,0
BRDA:65,7,0,0
BRDA:65,7,1,0
BRDA:70,8,0,0
BRDA:70,8,1,0
BRDA:79,9,0,0
BRDA:79,9,1,0
BRDA:84,10,0,0
BRDA:84,10,1,0
BRF:26
BRH:0
end_of_record
TN:
SF:src\controllers\user.js
FN:14,(anonymous_0)
FN:26,(anonymous_1)
FN:45,(anonymous_2)
FN:59,(anonymous_3)
FN:67,(anonymous_4)
FN:86,(anonymous_5)
FNF:6
FNH:4
FNDA:5,(anonymous_0)
FNDA:2,(anonymous_1)
FNDA:2,(anonymous_2)
FNDA:2,(anonymous_3)
FNDA:0,(anonymous_4)
FNDA:0,(anonymous_5)
DA:7,4
DA:8,4
DA:9,4
DA:10,4
DA:11,4
DA:15,5
DA:16,0
DA:18,5
DA:19,5
DA:20,5
DA:21,5
DA:23,0
DA:27,2
DA:28,0
DA:30,2
DA:31,2
DA:32,2
DA:33,0
DA:35,2
DA:36,2
DA:39,2
DA:40,2
DA:42,0
DA:46,2
DA:47,0
DA:49,2
DA:50,2
DA:51,2
DA:52,1
DA:54,1
DA:56,1
DA:60,2
DA:61,2
DA:62,1
DA:64,1
DA:68,0
DA:69,0
DA:71,0
DA:72,0
DA:73,0
DA:74,0
DA:76,0
DA:77,0
DA:78,0
DA:80,0
DA:81,0
DA:83,0
DA:87,0
DA:88,0
DA:89,0
DA:91,0
DA:96,4
LF:52
LH:30
BRDA:15,0,0,0
BRDA:15,0,1,5
BRDA:15,1,0,5
BRDA:15,1,1,5
BRDA:15,1,2,5
BRDA:27,2,0,0
BRDA:27,2,1,2
BRDA:27,3,0,2
BRDA:27,3,1,2
BRDA:27,3,2,2
BRDA:32,4,0,0
BRDA:32,4,1,2
BRDA:46,5,0,0
BRDA:46,5,1,2
BRDA:51,6,0,1
BRDA:51,6,1,1
BRDA:68,7,0,0
BRDA:68,7,1,0
BRDA:68,8,0,0
BRDA:68,8,1,0
BRDA:73,9,0,0
BRDA:73,9,1,0
BRDA:77,10,0,0
BRDA:77,10,1,0
BRF:24
BRH:12
end_of_record
TN:
SF:src\models\project.js
FN:20,(anonymous_0)
FNF:1
FNH:1
FNDA:4,(anonymous_0)
DA:15,4
DA:16,4
DA:17,4
DA:21,4
DA:48,4
LF:5
LH:5
BRF:0
BRH:0
end_of_record
TN:
SF:src\models\task.js
FN:22,(anonymous_0)
FNF:1
FNH:1
FNDA:4,(anonymous_0)
DA:17,4
DA:18,4
DA:19,4
DA:23,4
DA:57,4
LF:5
LH:5
BRF:0
BRH:0
end_of_record
TN:
SF:src\models\user.js
FN:16,(anonymous_0)
FNF:1
FNH:1
FNDA:4,(anonymous_0)
DA:12,4
DA:13,4
DA:17,4
DA:39,4
LF:4
LH:4
BRF:0
BRH:0
end_of_record
TN:
SF:src\routes\project.js
FNF:0
FNH:0
DA:1,4
DA:2,4
DA:3,4
DA:5,4
DA:6,4
DA:7,4
DA:8,4
DA:9,4
DA:11,4
LF:9
LH:9
BRF:0
BRH:0
end_of_record
TN:
SF:src\routes\task.js
FNF:0
FNH:0
DA:1,4
DA:2,4
DA:3,4
DA:5,4
DA:6,4
DA:7,4
DA:8,4
DA:9,4
DA:10,4
DA:12,4
LF:10
LH:10
BRF:0
BRH:0
end_of_record
TN:
SF:src\routes\user.js
FNF:0
FNH:0
DA:1,4
DA:2,4
DA:3,4
DA:5,4
DA:6,4
DA:7,4
DA:8,4
DA:10,4
LF:8
LH:8
BRF:0
BRH:0
end_of_record
